#
# There is insufficient memory for the Java Runtime Environment to continue.
# Native memory allocation (malloc) failed to allocate 321936 bytes for Chunk::new
# Possible reasons:
#   The system is out of physical RAM or swap space
#   The process is running with CompressedOops enabled, and the Java Heap may be blocking the growth of the native heap
# Possible solutions:
#   Reduce memory load on the system
#   Increase physical memory or swap space
#   Check if swap backing store is full
#   Decrease Java heap size (-Xmx/-Xms)
#   Decrease number of Java threads
#   Decrease Java thread stack sizes (-Xss)
#   Set larger code cache with -XX:ReservedCodeCacheSize=
#   JVM is running with Unscaled Compressed Oops mode in which the Java heap is
#     placed in the first 4GB address space. The Java Heap base address is the
#     maximum limit for the native heap growth. Please use -XX:HeapBaseMinAddress
#     to set the Java Heap base and to place the Java Heap above 4GB virtual address.
# This output file may be truncated or incomplete.
#
#  Out of Memory Error (arena.cpp:197), pid=34528, tid=36808
#
# JRE version: OpenJDK Runtime Environment Microsoft-8035250 (11.0.20+8) (build 11.0.20+8-LTS)
# Java VM: OpenJDK 64-Bit Server VM Microsoft-8035250 (11.0.20+8-LTS, mixed mode, tiered, compressed oops, g1 gc, windows-amd64)
# No core dump will be written. Minidumps are not enabled by default on client versions of Windows
#

---------------  S U M M A R Y ------------

Command Line: -Xmx64m -Xms64m -Dorg.gradle.appname=gradlew org.gradle.wrapper.GradleWrapperMain tasks

Host: AMD Athlon Silver 7120U with Radeon Graphics   , 2 cores, 5G,  Windows 10 , 64 bit Build 19041 (10.0.19041.3636)
Time: Sun Nov 26 14:00:04 2023 SE Asia Standard Time elapsed time: 15.566396 seconds (0d 0h 0m 15s)

---------------  T H R E A D  ---------------

Current thread (0x000002667ef58800):  JavaThread "C2 CompilerThread0" daemon [_thread_in_native, id=36808, stack(0x000000a92b100000,0x000000a92b200000)]


Current CompileTask:
C2:  15566  607       4       java.util.HashMap::putVal (300 bytes)

Stack: [0x000000a92b100000,0x000000a92b200000]
Native frames: (J=compiled Java code, j=interpreted, Vv=VM code, C=native code)
V  [jvm.dll+0x62e9da]
V  [jvm.dll+0x7bc4e9]
V  [jvm.dll+0x7bdbd8]
V  [jvm.dll+0x7be2b3]
V  [jvm.dll+0x2505a8]
V  [jvm.dll+0xc263c]
V  [jvm.dll+0xc2bfc]
V  [jvm.dll+0x35fd82]
V  [jvm.dll+0x32bf13]
V  [jvm.dll+0x32b24a]
V  [jvm.dll+0x2097e3]
V  [jvm.dll+0x20893d]
V  [jvm.dll+0x18a7de]
V  [jvm.dll+0x2181ec]
V  [jvm.dll+0x21642b]
V  [jvm.dll+0x77efc0]
V  [jvm.dll+0x777db4]
V  [jvm.dll+0x62d845]
C  [ucrtbase.dll+0x21bb2]
C  [KERNEL32.DLL+0x17344]
C  [ntdll.dll+0x526b1]


---------------  P R O C E S S  ---------------

Threads class SMR info:
_java_thread_list=0x000002667f101370, length=10, elements={
0x0000026662dce000, 0x000002667eefa800, 0x000002667eefb800, 0x000002667ef54800,
0x000002667ef55000, 0x000002667ef56800, 0x000002667ef58800, 0x000002667f0c0800,
0x000002667ef10000, 0x000002667f15b000
}

Java Threads: ( => current thread )
  0x0000026662dce000 JavaThread "main" [_thread_in_vm, id=36424, stack(0x000000a92a400000,0x000000a92a500000)]
  0x000002667eefa800 JavaThread "Reference Handler" daemon [_thread_blocked, id=36292, stack(0x000000a92ac00000,0x000000a92ad00000)]
  0x000002667eefb800 JavaThread "Finalizer" daemon [_thread_blocked, id=36564, stack(0x000000a92ad00000,0x000000a92ae00000)]
  0x000002667ef54800 JavaThread "Signal Dispatcher" daemon [_thread_blocked, id=34464, stack(0x000000a92ae00000,0x000000a92af00000)]
  0x000002667ef55000 JavaThread "Attach Listener" daemon [_thread_blocked, id=33964, stack(0x000000a92af00000,0x000000a92b000000)]
  0x000002667ef56800 JavaThread "Service Thread" daemon [_thread_blocked, id=34012, stack(0x000000a92b000000,0x000000a92b100000)]
=>0x000002667ef58800 JavaThread "C2 CompilerThread0" daemon [_thread_in_native, id=36808, stack(0x000000a92b100000,0x000000a92b200000)]
  0x000002667f0c0800 JavaThread "C1 CompilerThread0" daemon [_thread_blocked, id=36276, stack(0x000000a92b200000,0x000000a92b300000)]
  0x000002667ef10000 JavaThread "Sweeper thread" daemon [_thread_blocked, id=35696, stack(0x000000a92b300000,0x000000a92b400000)]
  0x000002667f15b000 JavaThread "Common-Cleaner" daemon [_thread_blocked, id=37776, stack(0x000000a92b500000,0x000000a92b600000)]

Other Threads:
  0x000002667eebe800 VMThread "VM Thread" [stack: 0x000000a92ab00000,0x000000a92ac00000] [id=36040]
  0x000002667f155800 WatcherThread [stack: 0x000000a92b400000,0x000000a92b500000] [id=34608]
  0x0000026662de6800 GCTaskThread "GC Thread#0" [stack: 0x000000a92a600000,0x000000a92a700000] [id=36472]
  0x000002667f540000 GCTaskThread "GC Thread#1" [stack: 0x000000a92b600000,0x000000a92b700000] [id=29060]
  0x0000026662dee800 ConcurrentGCThread "G1 Main Marker" [stack: 0x000000a92a700000,0x000000a92a800000] [id=33968]
  0x0000026662def800 ConcurrentGCThread "G1 Conc#0" [stack: 0x000000a92a800000,0x000000a92a900000] [id=34964]
  0x0000026662e3b800 ConcurrentGCThread "G1 Refine#0" [stack: 0x000000a92a900000,0x000000a92aa00000] [id=32168]
  0x0000026662e3c800 ConcurrentGCThread "G1 Young RemSet Sampling" [stack: 0x000000a92aa00000,0x000000a92ab00000] [id=36092]

Threads with active compile tasks:
C2 CompilerThread0    15576  607       4       java.util.HashMap::putVal (300 bytes)

VM state:not at safepoint (normal execution)

VM Mutex/Monitor currently owned by a thread: None

OutOfMemory and StackOverflow Exception counts:
OutOfMemoryError java_heap_errors=5
LinkageErrors=3

Heap address: 0x00000000fc000000, size: 64 MB, Compressed Oops mode: 32-bit
Narrow klass base: 0x0000000000000000, Narrow klass shift: 3
Compressed class space size: 1073741824 Address: 0x0000000100000000

Heap:
 garbage-first heap   total 65536K, used 7686K [0x00000000fc000000, 0x0000000100000000)
  region size 1024K, 9 young (9216K), 1 survivors (1024K)
 Metaspace       used 8311K, capacity 8471K, committed 8576K, reserved 1056768K
  class space    used 737K, capacity 820K, committed 896K, reserved 1048576K
Heap Regions: E=young(eden), S=young(survivor), O=old, HS=humongous(starts), HC=humongous(continues), CS=collection set, F=free, A=archive, TAMS=top-at-mark-start (previous, next)
|   0|0x00000000fc000000, 0x00000000fc081a00, 0x00000000fc100000| 50%| O|  |TAMS 0x00000000fc000000, 0x00000000fc000000| Untracked 
|   1|0x00000000fc100000, 0x00000000fc100000, 0x00000000fc200000|  0%| F|  |TAMS 0x00000000fc100000, 0x00000000fc100000| Untracked 
|   2|0x00000000fc200000, 0x00000000fc200000, 0x00000000fc300000|  0%| F|  |TAMS 0x00000000fc200000, 0x00000000fc200000| Untracked 
|   3|0x00000000fc300000, 0x00000000fc300000, 0x00000000fc400000|  0%| F|  |TAMS 0x00000000fc300000, 0x00000000fc300000| Untracked 
|   4|0x00000000fc400000, 0x00000000fc400000, 0x00000000fc500000|  0%| F|  |TAMS 0x00000000fc400000, 0x00000000fc400000| Untracked 
|   5|0x00000000fc500000, 0x00000000fc500000, 0x00000000fc600000|  0%| F|  |TAMS 0x00000000fc500000, 0x00000000fc500000| Untracked 
|   6|0x00000000fc600000, 0x00000000fc600000, 0x00000000fc700000|  0%| F|  |TAMS 0x00000000fc600000, 0x00000000fc600000| Untracked 
|   7|0x00000000fc700000, 0x00000000fc700000, 0x00000000fc800000|  0%| F|  |TAMS 0x00000000fc700000, 0x00000000fc700000| Untracked 
|   8|0x00000000fc800000, 0x00000000fc800000, 0x00000000fc900000|  0%| F|  |TAMS 0x00000000fc800000, 0x00000000fc800000| Untracked 
|   9|0x00000000fc900000, 0x00000000fc900000, 0x00000000fca00000|  0%| F|  |TAMS 0x00000000fc900000, 0x00000000fc900000| Untracked 
|  10|0x00000000fca00000, 0x00000000fca00000, 0x00000000fcb00000|  0%| F|  |TAMS 0x00000000fca00000, 0x00000000fca00000| Untracked 
|  11|0x00000000fcb00000, 0x00000000fcb00000, 0x00000000fcc00000|  0%| F|  |TAMS 0x00000000fcb00000, 0x00000000fcb00000| Untracked 
|  12|0x00000000fcc00000, 0x00000000fcc00000, 0x00000000fcd00000|  0%| F|  |TAMS 0x00000000fcc00000, 0x00000000fcc00000| Untracked 
|  13|0x00000000fcd00000, 0x00000000fcd00000, 0x00000000fce00000|  0%| F|  |TAMS 0x00000000fcd00000, 0x00000000fcd00000| Untracked 
|  14|0x00000000fce00000, 0x00000000fce00000, 0x00000000fcf00000|  0%| F|  |TAMS 0x00000000fce00000, 0x00000000fce00000| Untracked 
|  15|0x00000000fcf00000, 0x00000000fcf00000, 0x00000000fd000000|  0%| F|  |TAMS 0x00000000fcf00000, 0x00000000fcf00000| Untracked 
|  16|0x00000000fd000000, 0x00000000fd000000, 0x00000000fd100000|  0%| F|  |TAMS 0x00000000fd000000, 0x00000000fd000000| Untracked 
|  17|0x00000000fd100000, 0x00000000fd100000, 0x00000000fd200000|  0%| F|  |TAMS 0x00000000fd100000, 0x00000000fd100000| Untracked 
|  18|0x00000000fd200000, 0x00000000fd200000, 0x00000000fd300000|  0%| F|  |TAMS 0x00000000fd200000, 0x00000000fd200000| Untracked 
|  19|0x00000000fd300000, 0x00000000fd300000, 0x00000000fd400000|  0%| F|  |TAMS 0x00000000fd300000, 0x00000000fd300000| Untracked 
|  20|0x00000000fd400000, 0x00000000fd400000, 0x00000000fd500000|  0%| F|  |TAMS 0x00000000fd400000, 0x00000000fd400000| Untracked 
|  21|0x00000000fd500000, 0x00000000fd500000, 0x00000000fd600000|  0%| F|  |TAMS 0x00000000fd500000, 0x00000000fd500000| Untracked 
|  22|0x00000000fd600000, 0x00000000fd600000, 0x00000000fd700000|  0%| F|  |TAMS 0x00000000fd600000, 0x00000000fd600000| Untracked 
|  23|0x00000000fd700000, 0x00000000fd700000, 0x00000000fd800000|  0%| F|  |TAMS 0x00000000fd700000, 0x00000000fd700000| Untracked 
|  24|0x00000000fd800000, 0x00000000fd800000, 0x00000000fd900000|  0%| F|  |TAMS 0x00000000fd800000, 0x00000000fd800000| Untracked 
|  25|0x00000000fd900000, 0x00000000fd900000, 0x00000000fda00000|  0%| F|  |TAMS 0x00000000fd900000, 0x00000000fd900000| Untracked 
|  26|0x00000000fda00000, 0x00000000fda00000, 0x00000000fdb00000|  0%| F|  |TAMS 0x00000000fda00000, 0x00000000fda00000| Untracked 
|  27|0x00000000fdb00000, 0x00000000fdb00000, 0x00000000fdc00000|  0%| F|  |TAMS 0x00000000fdb00000, 0x00000000fdb00000| Untracked 
|  28|0x00000000fdc00000, 0x00000000fdc00000, 0x00000000fdd00000|  0%| F|  |TAMS 0x00000000fdc00000, 0x00000000fdc00000| Untracked 
|  29|0x00000000fdd00000, 0x00000000fdd00000, 0x00000000fde00000|  0%| F|  |TAMS 0x00000000fdd00000, 0x00000000fdd00000| Untracked 
|  30|0x00000000fde00000, 0x00000000fde00000, 0x00000000fdf00000|  0%| F|  |TAMS 0x00000000fde00000, 0x00000000fde00000| Untracked 
|  31|0x00000000fdf00000, 0x00000000fdf00000, 0x00000000fe000000|  0%| F|  |TAMS 0x00000000fdf00000, 0x00000000fdf00000| Untracked 
|  32|0x00000000fe000000, 0x00000000fe000000, 0x00000000fe100000|  0%| F|  |TAMS 0x00000000fe000000, 0x00000000fe000000| Untracked 
|  33|0x00000000fe100000, 0x00000000fe100000, 0x00000000fe200000|  0%| F|  |TAMS 0x00000000fe100000, 0x00000000fe100000| Untracked 
|  34|0x00000000fe200000, 0x00000000fe200000, 0x00000000fe300000|  0%| F|  |TAMS 0x00000000fe200000, 0x00000000fe200000| Untracked 
|  35|0x00000000fe300000, 0x00000000fe300000, 0x00000000fe400000|  0%| F|  |TAMS 0x00000000fe300000, 0x00000000fe300000| Untracked 
|  36|0x00000000fe400000, 0x00000000fe400000, 0x00000000fe500000|  0%| F|  |TAMS 0x00000000fe400000, 0x00000000fe400000| Untracked 
|  37|0x00000000fe500000, 0x00000000fe500000, 0x00000000fe600000|  0%| F|  |TAMS 0x00000000fe500000, 0x00000000fe500000| Untracked 
|  38|0x00000000fe600000, 0x00000000fe600000, 0x00000000fe700000|  0%| F|  |TAMS 0x00000000fe600000, 0x00000000fe600000| Untracked 
|  39|0x00000000fe700000, 0x00000000fe700000, 0x00000000fe800000|  0%| F|  |TAMS 0x00000000fe700000, 0x00000000fe700000| Untracked 
|  40|0x00000000fe800000, 0x00000000fe800000, 0x00000000fe900000|  0%| F|  |TAMS 0x00000000fe800000, 0x00000000fe800000| Untracked 
|  41|0x00000000fe900000, 0x00000000fe900000, 0x00000000fea00000|  0%| F|  |TAMS 0x00000000fe900000, 0x00000000fe900000| Untracked 
|  42|0x00000000fea00000, 0x00000000fea00000, 0x00000000feb00000|  0%| F|  |TAMS 0x00000000fea00000, 0x00000000fea00000| Untracked 
|  43|0x00000000feb00000, 0x00000000feb00000, 0x00000000fec00000|  0%| F|  |TAMS 0x00000000feb00000, 0x00000000feb00000| Untracked 
|  44|0x00000000fec00000, 0x00000000fec00000, 0x00000000fed00000|  0%| F|  |TAMS 0x00000000fec00000, 0x00000000fec00000| Untracked 
|  45|0x00000000fed00000, 0x00000000fed00000, 0x00000000fee00000|  0%| F|  |TAMS 0x00000000fed00000, 0x00000000fed00000| Untracked 
|  46|0x00000000fee00000, 0x00000000fee00000, 0x00000000fef00000|  0%| F|  |TAMS 0x00000000fee00000, 0x00000000fee00000| Untracked 
|  47|0x00000000fef00000, 0x00000000fef00000, 0x00000000ff000000|  0%| F|  |TAMS 0x00000000fef00000, 0x00000000fef00000| Untracked 
|  48|0x00000000ff000000, 0x00000000ff000000, 0x00000000ff100000|  0%| F|  |TAMS 0x00000000ff000000, 0x00000000ff000000| Untracked 
|  49|0x00000000ff100000, 0x00000000ff100000, 0x00000000ff200000|  0%| F|  |TAMS 0x00000000ff100000, 0x00000000ff100000| Untracked 
|  50|0x00000000ff200000, 0x00000000ff200000, 0x00000000ff300000|  0%| F|  |TAMS 0x00000000ff200000, 0x00000000ff200000| Untracked 
|  51|0x00000000ff300000, 0x00000000ff300000, 0x00000000ff400000|  0%| F|  |TAMS 0x00000000ff300000, 0x00000000ff300000| Untracked 
|  52|0x00000000ff400000, 0x00000000ff400000, 0x00000000ff500000|  0%| F|  |TAMS 0x00000000ff400000, 0x00000000ff400000| Untracked 
|  53|0x00000000ff500000, 0x00000000ff500000, 0x00000000ff600000|  0%| F|  |TAMS 0x00000000ff500000, 0x00000000ff500000| Untracked 
|  54|0x00000000ff600000, 0x00000000ff600000, 0x00000000ff700000|  0%| F|  |TAMS 0x00000000ff600000, 0x00000000ff600000| Untracked 
|  55|0x00000000ff700000, 0x00000000ff800000, 0x00000000ff800000|100%| E|  |TAMS 0x00000000ff700000, 0x00000000ff700000| Complete 
|  56|0x00000000ff800000, 0x00000000ff900000, 0x00000000ff900000|100%| S|CS|TAMS 0x00000000ff800000, 0x00000000ff800000| Complete 
|  57|0x00000000ff900000, 0x00000000ffa00000, 0x00000000ffa00000|100%| E|CS|TAMS 0x00000000ff900000, 0x00000000ff900000| Complete 
|  58|0x00000000ffa00000, 0x00000000ffb00000, 0x00000000ffb00000|100%| E|CS|TAMS 0x00000000ffa00000, 0x00000000ffa00000| Complete 
|  59|0x00000000ffb00000, 0x00000000ffc00000, 0x00000000ffc00000|100%| E|  |TAMS 0x00000000ffb00000, 0x00000000ffb00000| Complete 
|  60|0x00000000ffc00000, 0x00000000ffd00000, 0x00000000ffd00000|100%| E|CS|TAMS 0x00000000ffc00000, 0x00000000ffc00000| Complete 
|  61|0x00000000ffd00000, 0x00000000ffe00000, 0x00000000ffe00000|100%| E|CS|TAMS 0x00000000ffd00000, 0x00000000ffd00000| Complete 
|  62|0x00000000ffe00000, 0x00000000fff00000, 0x00000000fff00000|100%| E|CS|TAMS 0x00000000ffe00000, 0x00000000ffe00000| Complete 
|  63|0x00000000fff00000, 0x0000000100000000, 0x0000000100000000|100%| E|CS|TAMS 0x00000000fff00000, 0x00000000fff00000| Complete 

Card table byte_map: [0x0000026662c50000,0x0000026662c70000] _byte_map_base: 0x0000026662470000

Marking Bits (Prev, Next): (CMBitMap*) 0x0000026662ded368, (CMBitMap*) 0x0000026662ded3a0
 Prev Bits: [0x000002667c180000, 0x000002667c280000)
 Next Bits: [0x000002667c280000, 0x000002667c380000)

Polling page: 0x0000026662c00000

Metaspace:

Usage:
  Non-class:      7.47 MB capacity,     7.40 MB ( 99%) used,    71.31 KB ( <1%) free+waste,     6.44 KB ( <1%) overhead. 
      Class:    820.00 KB capacity,   737.86 KB ( 90%) used,    79.14 KB ( 10%) free+waste,     3.00 KB ( <1%) overhead. 
       Both:      8.27 MB capacity,     8.12 MB ( 98%) used,   150.45 KB (  2%) free+waste,     9.44 KB ( <1%) overhead. 

Virtual space:
  Non-class space:        8.00 MB reserved,       7.50 MB ( 94%) committed 
      Class space:        1.00 GB reserved,     896.00 KB ( <1%) committed 
             Both:        1.01 GB reserved,       8.38 MB ( <1%) committed 

Chunk freelists:
   Non-Class:  29.00 KB
       Class:  12.00 KB
        Both:  41.00 KB

MaxMetaspaceSize: 17179869184.00 GB
CompressedClassSpaceSize: 1.00 GB
Initial GC threshold: 20.80 MB
Current GC threshold: 20.80 MB
CDS: off

CodeHeap 'non-profiled nmethods': size=120064Kb used=198Kb max_used=198Kb free=119865Kb
 bounds [0x0000026674830000, 0x0000026674aa0000, 0x000002667bd70000]
CodeHeap 'profiled nmethods': size=120000Kb used=1157Kb max_used=1157Kb free=118842Kb
 bounds [0x000002666d300000, 0x000002666d570000, 0x0000026674830000]
CodeHeap 'non-nmethods': size=5696Kb used=1107Kb max_used=1121Kb free=4588Kb
 bounds [0x000002666cd70000, 0x000002666cfe0000, 0x000002666d300000]
 total_blobs=964 nmethods=608 adapters=269
 compilation: enabled
              stopped_count=0, restarted_count=0
 full_count=0

Compilation events (20 events):
Event: 15.503 Thread 0x000002667ef58800 nmethod 598 0x0000026674860110 code [0x00000266748602c0, 0x0000026674860508]
Event: 15.509 Thread 0x000002667f0c0800  599       3       java.lang.ClassLoader::checkPackageAccess (102 bytes)
Event: 15.510 Thread 0x000002667f0c0800 nmethod 599 0x000002666d417510 code [0x000002666d4177c0, 0x000002666d4182a8]
Event: 15.510 Thread 0x000002667f0c0800  600       3       java.lang.String::hashCode (49 bytes)
Event: 15.511 Thread 0x000002667f0c0800 nmethod 600 0x000002666d418790 code [0x000002666d418980, 0x000002666d418d88]
Event: 15.512 Thread 0x000002667f0c0800  601       3       java.lang.String::concat (115 bytes)
Event: 15.513 Thread 0x000002667f0c0800 nmethod 601 0x000002666d418f10 code [0x000002666d4191a0, 0x000002666d419e28]
Event: 15.513 Thread 0x000002667f0c0800  602       3       jdk.internal.util.jar.JarIndex::get (49 bytes)
Event: 15.513 Thread 0x000002667f0c0800 nmethod 602 0x000002666d41a290 code [0x000002666d41a4e0, 0x000002666d41ad88]
Event: 15.517 Thread 0x000002667f0c0800  603   !   3       jdk.internal.loader.URLClassPath$JarLoader::getResource (353 bytes)
Event: 15.519 Thread 0x000002667f0c0800 nmethod 603 0x000002666d41b090 code [0x000002666d41b580, 0x000002666d41d8b8]
Event: 15.524 Thread 0x000002667f0c0800  604       3       java.util.zip.ZipUtils::LOCSIG (6 bytes)
Event: 15.525 Thread 0x000002667f0c0800 nmethod 604 0x000002666d41ec90 code [0x000002666d41ee60, 0x000002666d41f118]
Event: 15.533 Thread 0x000002667ef58800  605       4       java.util.zip.ZipFile$Source::getEntryPos (206 bytes)
Event: 15.547 Thread 0x000002667ef58800 nmethod 605 0x0000026674860710 code [0x00000266748608e0, 0x00000266748613d8]
Event: 15.549 Thread 0x000002667f0c0800  606       3       sun.net.util.URLUtil::urlNoFragString (114 bytes)
Event: 15.550 Thread 0x000002667f0c0800 nmethod 606 0x000002666d41f290 code [0x000002666d41f5e0, 0x000002666d420848]
Event: 15.557 Thread 0x000002667ef58800  607       4       java.util.HashMap::putVal (300 bytes)
Event: 15.557 Thread 0x000002667f0c0800  608       3       sun.util.locale.LocaleUtils::isUpper (18 bytes)
Event: 15.558 Thread 0x000002667f0c0800 nmethod 608 0x000002666d420e90 code [0x000002666d421040, 0x000002666d4211b8]

GC Heap History (2 events):
Event: 8.911 GC heap before
{Heap before GC invocations=0 (full 0):
 garbage-first heap   total 65536K, used 7168K [0x00000000fc000000, 0x0000000100000000)
  region size 1024K, 7 young (7168K), 0 survivors (0K)
 Metaspace       used 7234K, capacity 7417K, committed 7680K, reserved 1056768K
  class space    used 625K, capacity 682K, committed 768K, reserved 1048576K
}
Event: 9.482 GC heap after
{Heap after GC invocations=1 (full 0):
 garbage-first heap   total 65536K, used 1542K [0x00000000fc000000, 0x0000000100000000)
  region size 1024K, 1 young (1024K), 1 survivors (1024K)
 Metaspace       used 7234K, capacity 7417K, committed 7680K, reserved 1056768K
  class space    used 625K, capacity 682K, committed 768K, reserved 1048576K
}

Deoptimization events (20 events):
Event: 14.804 Thread 0x0000026662dce000 Uncommon trap: trap_request=0xffffffde fr.pc=0x0000026674856600 relative=0x0000000000000f00
Event: 14.804 Thread 0x0000026662dce000 Uncommon trap: reason=class_check action=maybe_recompile pc=0x0000026674856600 method=java.util.HashMap.putVal(ILjava/lang/Object;Ljava/lang/Object;ZZ)Ljava/lang/Object; @ 203 c2
Event: 14.804 Thread 0x0000026662dce000 DEOPT PACKING pc=0x0000026674856600 sp=0x000000a92a4f9910
Event: 14.804 Thread 0x0000026662dce000 DEOPT UNPACKING pc=0x000002666cdba1af sp=0x000000a92a4f98a0 mode 2
Event: 14.810 Thread 0x0000026662dce000 Uncommon trap: trap_request=0xffffffde fr.pc=0x0000026674856628 relative=0x0000000000000f28
Event: 14.810 Thread 0x0000026662dce000 Uncommon trap: reason=class_check action=maybe_recompile pc=0x0000026674856628 method=java.util.HashMap.putVal(ILjava/lang/Object;Ljava/lang/Object;ZZ)Ljava/lang/Object; @ 91 c2
Event: 14.810 Thread 0x0000026662dce000 DEOPT PACKING pc=0x0000026674856628 sp=0x000000a92a4f9910
Event: 14.810 Thread 0x0000026662dce000 DEOPT UNPACKING pc=0x000002666cdba1af sp=0x000000a92a4f98a0 mode 2
Event: 14.812 Thread 0x0000026662dce000 Uncommon trap: trap_request=0xffffffde fr.pc=0x0000026674856628 relative=0x0000000000000f28
Event: 14.812 Thread 0x0000026662dce000 Uncommon trap: reason=class_check action=maybe_recompile pc=0x0000026674856628 method=java.util.HashMap.putVal(ILjava/lang/Object;Ljava/lang/Object;ZZ)Ljava/lang/Object; @ 91 c2
Event: 14.812 Thread 0x0000026662dce000 DEOPT PACKING pc=0x0000026674856628 sp=0x000000a92a4f9910
Event: 14.812 Thread 0x0000026662dce000 DEOPT UNPACKING pc=0x000002666cdba1af sp=0x000000a92a4f98a0 mode 2
Event: 15.012 Thread 0x0000026662dce000 DEOPT PACKING pc=0x000002666d3d8622 sp=0x000000a92a4f2170
Event: 15.012 Thread 0x0000026662dce000 DEOPT UNPACKING pc=0x000002666cdba95e sp=0x000000a92a4f15d8 mode 0
Event: 15.014 Thread 0x0000026662dce000 DEOPT PACKING pc=0x000002666d363850 sp=0x000000a92a4f90c0
Event: 15.014 Thread 0x0000026662dce000 DEOPT UNPACKING pc=0x000002666cdba95e sp=0x000000a92a4f8548 mode 0
Event: 15.045 Thread 0x0000026662dce000 Uncommon trap: trap_request=0xffffff4d fr.pc=0x000002667483c99c relative=0x000000000000017c
Event: 15.045 Thread 0x0000026662dce000 Uncommon trap: reason=unstable_if action=reinterpret pc=0x000002667483c99c method=java.lang.String.hashCode()I @ 14 c2
Event: 15.045 Thread 0x0000026662dce000 DEOPT PACKING pc=0x000002667483c99c sp=0x000000a92a4fc200
Event: 15.045 Thread 0x0000026662dce000 DEOPT UNPACKING pc=0x000002666cdba1af sp=0x000000a92a4fc198 mode 2

Classes redefined (0 events):
No events

Internal exceptions (8 events):
Event: 4.925 Thread 0x0000026662dce000 Exception <a 'java/lang/NoSuchMethodError'{0x00000000ffc0cf38}: 'int java.lang.invoke.DirectMethodHandle$Holder.invokeStaticInit(java.lang.Object, java.lang.Object)'> (0x00000000ffc0cf38) thrown at [s\src\hotspot\share\interpreter\linkResolver.cpp, line 773]
Event: 5.507 Thread 0x0000026662dce000 Exception <a 'java/lang/NoSuchMethodError'{0x00000000ffce8d40}: 'int java.lang.invoke.DirectMethodHandle$Holder.invokeSpecial(java.lang.Object, java.lang.Object, java.lang.Object, java.lang.Object)'> (0x00000000ffce8d40) thrown at [s\src\hotspot\share\interpreter\linkResolver.cpp, line 773]
Event: 5.649 Thread 0x0000026662dce000 Exception <a 'java/lang/NoSuchMethodError'{0x00000000ffb221f8}: 'int java.lang.invoke.DirectMethodHandle$Holder.invokeSpecialIFC(java.lang.Object, java.lang.Object, int)'> (0x00000000ffb221f8) thrown at [s\src\hotspot\share\interpreter\linkResolver.cpp, line 773]
Event: 15.508 Thread 0x0000026662dce000 Exception <a 'java/lang/OutOfMemoryError'{0x00000000ff72eba0}> (0x00000000ff72eba0) thrown at [s\src\hotspot\share\prims\jni.cpp, line 638]
Event: 15.508 Thread 0x0000026662dce000 Exception <a 'java/lang/OutOfMemoryError'{0x00000000ff72eba0}> (0x00000000ff72eba0) thrown at [s\src\hotspot\share\prims\jvm.cpp, line 1310]
Event: 15.509 Thread 0x0000026662dce000 Exception <a 'java/lang/OutOfMemoryError'{0x00000000ff72eba0}> (0x00000000ff72eba0) thrown at [s\src\hotspot\share\prims\jvm.cpp, line 1310]
Event: 15.509 Thread 0x0000026662dce000 Exception <a 'java/lang/OutOfMemoryError'{0x00000000ff72eba0}> (0x00000000ff72eba0) thrown at [s\src\hotspot\share\prims\jvm.cpp, line 1310]
Event: 15.509 Thread 0x0000026662dce000 Exception <a 'java/lang/OutOfMemoryError'{0x00000000ff72eba0}> (0x00000000ff72eba0) thrown at [s\src\hotspot\share\oops\instanceKlass.cpp, line 1029]

Events (20 events):
Event: 15.560 loading class sun/util/locale/StringTokenIterator
Event: 15.560 loading class sun/util/locale/StringTokenIterator done
Event: 15.560 loading class sun/util/cldr/CLDRLocaleProviderAdapter$1
Event: 15.560 loading class sun/util/cldr/CLDRLocaleProviderAdapter$1 done
Event: 15.560 loading class java/util/ServiceLoader
Event: 15.561 loading class java/util/ServiceLoader done
Event: 15.561 loading class java/util/ServiceLoader$ModuleServicesLookupIterator
Event: 15.561 loading class java/util/ServiceLoader$ModuleServicesLookupIterator done
Event: 15.562 loading class jdk/internal/loader/AbstractClassLoaderValue$Memoizer
Event: 15.562 loading class jdk/internal/loader/AbstractClassLoaderValue$Memoizer done
Event: 15.562 loading class java/util/concurrent/CopyOnWriteArrayList$COWIterator
Event: 15.562 loading class java/util/concurrent/CopyOnWriteArrayList$COWIterator done
Event: 15.562 loading class java/util/ServiceLoader$LazyClassPathLookupIterator
Event: 15.562 loading class java/util/ServiceLoader$LazyClassPathLookupIterator done
Event: 15.562 loading class java/util/ServiceLoader$2
Event: 15.562 loading class java/util/ServiceLoader$2 done
Event: 15.562 loading class java/util/ServiceLoader$3
Event: 15.563 loading class java/util/ServiceLoader$3 done
Event: 15.563 loading class jdk/internal/module/ModulePatcher$PatchedModuleReader
Event: 15.564 loading class jdk/internal/module/ModulePatcher$PatchedModuleReader done


Dynamic libraries:
0x00007ff6c9720000 - 0x00007ff6c972d000 	C:\Program Files\Microsoft\jdk-11.0.20.8-hotspot\bin\java.exe
0x00007ffcf5010000 - 0x00007ffcf5208000 	C:\Windows\SYSTEM32\ntdll.dll
0x00007ffcf3ab0000 - 0x00007ffcf3b6d000 	C:\Windows\System32\KERNEL32.DLL
0x00007ffcf26f0000 - 0x00007ffcf29e6000 	C:\Windows\System32\KERNELBASE.dll
0x00007ffcf2c30000 - 0x00007ffcf2d30000 	C:\Windows\System32\ucrtbase.dll
0x00007ffceb870000 - 0x00007ffceb887000 	C:\Program Files\Microsoft\jdk-11.0.20.8-hotspot\bin\jli.dll
0x00007ffcf31b0000 - 0x00007ffcf334e000 	C:\Windows\System32\USER32.dll
0x00007ffcf2d30000 - 0x00007ffcf2d52000 	C:\Windows\System32\win32u.dll
0x00007ffcf3490000 - 0x00007ffcf34bc000 	C:\Windows\System32\GDI32.dll
0x00007ffcf2d60000 - 0x00007ffcf2e7a000 	C:\Windows\System32\gdi32full.dll
0x00007ffcf2a60000 - 0x00007ffcf2afd000 	C:\Windows\System32\msvcp_win.dll
0x00007ffceb850000 - 0x00007ffceb865000 	C:\Program Files\Microsoft\jdk-11.0.20.8-hotspot\bin\VCRUNTIME140.dll
0x00007ffce32b0000 - 0x00007ffce354a000 	C:\Windows\WinSxS\amd64_microsoft.windows.common-controls_6595b64144ccf1df_6.0.19041.3636_none_60b6a03d71f818d5\COMCTL32.dll
0x00007ffcf3d50000 - 0x00007ffcf3dee000 	C:\Windows\System32\msvcrt.dll
0x00007ffcf4320000 - 0x00007ffcf4350000 	C:\Windows\System32\IMM32.DLL
0x00007ffcacac0000 - 0x00007ffcacb5b000 	C:\Program Files\Microsoft\jdk-11.0.20.8-hotspot\bin\msvcp140.dll
0x00007ffc98160000 - 0x00007ffc98cf6000 	C:\Program Files\Microsoft\jdk-11.0.20.8-hotspot\bin\server\jvm.dll
0x00007ffcf3e00000 - 0x00007ffcf3eaf000 	C:\Windows\System32\ADVAPI32.dll
0x00007ffcf3680000 - 0x00007ffcf371c000 	C:\Windows\System32\sechost.dll
0x00007ffcf3b70000 - 0x00007ffcf3c96000 	C:\Windows\System32\RPCRT4.dll
0x00007ffcf3df0000 - 0x00007ffcf3df8000 	C:\Windows\System32\PSAPI.DLL
0x00007ffcdc060000 - 0x00007ffcdc069000 	C:\Windows\SYSTEM32\WSOCK32.dll
0x00007ffcf3720000 - 0x00007ffcf378b000 	C:\Windows\System32\WS2_32.dll
0x00007ffce97f0000 - 0x00007ffce9817000 	C:\Windows\SYSTEM32\WINMM.dll
0x00007ffceaa10000 - 0x00007ffceaa1a000 	C:\Windows\SYSTEM32\VERSION.dll
0x00007ffcf0590000 - 0x00007ffcf05a2000 	C:\Windows\SYSTEM32\kernel.appcore.dll
0x00007ffcebb90000 - 0x00007ffcebba0000 	C:\Program Files\Microsoft\jdk-11.0.20.8-hotspot\bin\verify.dll
0x00007ffce41d0000 - 0x00007ffce43b4000 	C:\Windows\SYSTEM32\DBGHELP.DLL
0x00007ffcded80000 - 0x00007ffcdedb4000 	C:\Windows\SYSTEM32\dbgcore.DLL
0x00007ffcf2fe0000 - 0x00007ffcf3062000 	C:\Windows\System32\bcryptPrimitives.dll
0x00007ffce1480000 - 0x00007ffce14a8000 	C:\Program Files\Microsoft\jdk-11.0.20.8-hotspot\bin\java.dll
0x00007ffceb840000 - 0x00007ffceb84a000 	C:\Program Files\Microsoft\jdk-11.0.20.8-hotspot\bin\jimage.dll
0x00007ffce1460000 - 0x00007ffce1478000 	C:\Program Files\Microsoft\jdk-11.0.20.8-hotspot\bin\zip.dll
0x00007ffcf47f0000 - 0x00007ffcf4f34000 	C:\Windows\System32\SHELL32.dll
0x00007ffcf07b0000 - 0x00007ffcf0f4b000 	C:\Windows\SYSTEM32\windows.storage.dll
0x00007ffcf4490000 - 0x00007ffcf47e4000 	C:\Windows\System32\combase.dll
0x00007ffcf20e0000 - 0x00007ffcf210d000 	C:\Windows\SYSTEM32\Wldp.dll
0x00007ffcf3350000 - 0x00007ffcf33fd000 	C:\Windows\System32\SHCORE.dll
0x00007ffcf3990000 - 0x00007ffcf39e5000 	C:\Windows\System32\shlwapi.dll
0x00007ffcf2620000 - 0x00007ffcf2645000 	C:\Windows\SYSTEM32\profapi.dll
0x00007ffcd8da0000 - 0x00007ffcd8db9000 	C:\Program Files\Microsoft\jdk-11.0.20.8-hotspot\bin\net.dll
0x00007ffcec150000 - 0x00007ffcec25a000 	C:\Windows\SYSTEM32\WINHTTP.dll
0x00007ffcf1e20000 - 0x00007ffcf1e8a000 	C:\Windows\system32\mswsock.dll
0x00007ffcd89a0000 - 0x00007ffcd89b3000 	C:\Program Files\Microsoft\jdk-11.0.20.8-hotspot\bin\nio.dll

dbghelp: loaded successfully - version: 4.0.5 - missing functions: none
symbol engine: initialized successfully - sym options: 0x614 - pdb path: .;C:\Program Files\Microsoft\jdk-11.0.20.8-hotspot\bin;C:\Windows\SYSTEM32;C:\Windows\WinSxS\amd64_microsoft.windows.common-controls_6595b64144ccf1df_6.0.19041.3636_none_60b6a03d71f818d5;C:\Program Files\Microsoft\jdk-11.0.20.8-hotspot\bin\server

VM Arguments:
jvm_args: -Xmx64m -Xms64m -Dorg.gradle.appname=gradlew 
java_command: org.gradle.wrapper.GradleWrapperMain tasks
java_class_path (initial): C:\Users\WINDOWS 10\Documents\Tugas_React\StoreRun\android\\gradle\wrapper\gradle-wrapper.jar
Launcher Type: SUN_STANDARD

[Global flags]
     intx CICompilerCount                          = 2                                         {product} {ergonomic}
     uint ConcGCThreads                            = 1                                         {product} {ergonomic}
     uint G1ConcRefinementThreads                  = 2                                         {product} {ergonomic}
   size_t G1HeapRegionSize                         = 1048576                                   {product} {ergonomic}
    uintx GCDrainStackTargetSize                   = 64                                        {product} {ergonomic}
   size_t InitialHeapSize                          = 67108864                                  {product} {command line}
   size_t MarkStackSize                            = 4194304                                   {product} {ergonomic}
   size_t MaxHeapSize                              = 67108864                                  {product} {command line}
   size_t MaxNewSize                               = 39845888                                  {product} {ergonomic}
   size_t MinHeapDeltaBytes                        = 1048576                                   {product} {ergonomic}
    uintx NonNMethodCodeHeapSize                   = 5825164                                {pd product} {ergonomic}
    uintx NonProfiledCodeHeapSize                  = 122916538                              {pd product} {ergonomic}
    uintx ProfiledCodeHeapSize                     = 122916538                              {pd product} {ergonomic}
    uintx ReservedCodeCacheSize                    = 251658240                              {pd product} {ergonomic}
     bool SegmentedCodeCache                       = true                                      {product} {ergonomic}
     bool UseCompressedClassPointers               = true                                 {lp64_product} {ergonomic}
     bool UseCompressedOops                        = true                                 {lp64_product} {ergonomic}
     bool UseG1GC                                  = true                                      {product} {ergonomic}
     bool UseLargePagesIndividualAllocation        = false                                  {pd product} {ergonomic}

Logging:
Log output configuration:
 #0: stdout all=warning uptime,level,tags
 #1: stderr all=off uptime,level,tags

Environment Variables:
JAVA_HOME=C:\Program Files\Microsoft\jdk-11.0.20.8-hotspot\
CLASSPATH=C:\Users\WINDOWS 10\Documents\Tugas_React\StoreRun\android\\gradle\wrapper\gradle-wrapper.jar
PATH=C:\Users\WINDOWS 10\Documents\Tugas_React\StoreRun\node_modules\.bin;C:\Users\WINDOWS 10\Documents\Tugas_React\StoreRun\node_modules\.bin;C:\Users\WINDOWS 10\Documents\Tugas_React\node_modules\.bin;C:\Users\WINDOWS 10\Documents\node_modules\.bin;C:\Users\WINDOWS 10\node_modules\.bin;C:\Users\node_modules\.bin;C:\node_modules\.bin;C:\Users\WINDOWS 10\AppData\Roaming\npm\node_modules\npm\node_modules\@npmcli\run-script\lib\node-gyp-bin;C:\Users\WINDOWS 10\Documents\Tugas_React\StoreRun\node_modules\.bin;C:\Users\WINDOWS 10\Documents\Tugas_React\StoreRun\node_modules\.bin;C:\Users\WINDOWS 10\Documents\Tugas_React\node_modules\.bin;C:\Users\WINDOWS 10\Documents\node_modules\.bin;C:\Users\WINDOWS 10\node_modules\.bin;C:\Users\node_modules\.bin;C:\node_modules\.bin;C:\Users\WINDOWS 10\AppData\Roaming\npm\node_modules\npm\node_modules\@npmcli\run-script\lib\node-gyp-bin;C:\Users\WINDOWS 10\AppData\Local\Android\Sdk\platform-tools;C:\Program Files\Common Files\Oracle\Java\javapath;C:\Windows\system32;C:\Windows;C:\Windows\System32\Wbem;C:\Windows\System32\WindowsPowerShell\v1.0\;C:\Windows\System32\OpenSSH\;C:\Program Files (x86)\Windows Live\Shared;C:\ProgramData\chocolatey\bin;C:\Program Files\nodejs\;C:\Program Files\Git\cmd;C:\Users\WINDOWS 10\AppData\Local\Android\Sdk\platform-tools;C:\Users\WINDOWS 10\AppData\Local\Programs\Microsoft VS Code\bin;C:\Users\WINDOWS 10\AppData\Roaming\npm;
USERNAME=WINDOWS 10
LANG=en_US.UTF-8
OS=Windows_NT
PROCESSOR_IDENTIFIER=AMD64 Family 23 Model 160 Stepping 0, AuthenticAMD
TMP=C:\Users\WINDOW~1\AppData\Local\Temp
TEMP=C:\Users\WINDOW~1\AppData\Local\Temp



---------------  S Y S T E M  ---------------

OS: Windows 10 , 64 bit Build 19041 (10.0.19041.3636)
OS uptime: 5 days 15:55 hours

CPU:total 2 (initial active 2) (2 cores per cpu, 1 threads per core) family 23 model 160 stepping 0 microcode 0x0, cmov, cx8, fxsr, mmx, sse, sse2, sse3, ssse3, sse4.1, sse4.2, popcnt, avx, avx2, aes, clmul, mmxext, 3dnowpref, lzcnt, sse4a, tsc, tscinvbit, tscinv, bmi1, bmi2, adx, sha, fma

Memory: 4k page, system-wide physical 5965M (303M free)
TotalPageFile size 20965M (AvailPageFile size 10M)
current process WorkingSet (physical memory assigned to process): 41M, peak: 45M
current process commit charge ("private bytes"): 133M, peak: 134M

vm_info: OpenJDK 64-Bit Server VM (11.0.20+8-LTS) for windows-amd64 JRE (11.0.20+8-LTS), built on Jul  7 2023 17:05:21 by "MicrosoftCorporation" with MS VC++ 15.9 (VS2017)

END.
